<?xml version="1.0" encoding="UTF-8"?>
<!-- Generated by org.testng.reporters.JUnitReportReporter -->
<testsuite hostname="AUTOMATION-LAB" failures="0" tests="1" name="qsp1.Demo2" time="0.001" errors="0" timestamp="2023-12-11T17:07:50 IST" skipped="0">
  <testcase classname="qsp1.Demo2" name="test3" time="0.001">
    <system-out>
      <![CDATA[World]]>
    </system-out>
  </testcase> <!-- test3 -->
  <system-out>
    <![CDATA[Hello
India
World]]>
  </system-out>
</testsuite> <!-- qsp1.Demo2 -->
